Arguments: 
  C:\Program Files\nodejs\node.exe C:\Program Files (x86)\Yarn\bin\yarn.js init

PATH: 
  C:\Program Files\Microsoft MPI\Bin\;C:\Program Files (x86)\Common Files\Oracle\Java\javapath;C:\Python27\;C:\Python27\Scripts;C:\Windows\system32;C:\Windows;C:\Windows\System32\Wbem;C:\Windows\System32\WindowsPowerShell\v1.0\;C:\Windows\System32\OpenSSH\;C:\Program Files (x86)\Intel\Intel(R) Management Engine Components\DAL;C:\Program Files\Intel\Intel(R) Management Engine Components\DAL;C:\Program Files (x86)\NVIDIA Corporation\PhysX\Common;C:\Program Files\NVIDIA Corporation\NVIDIA NvDLISR;C:\Program Files\Java\jdk-11.0.7\bin;G:\Programas\GIT\Git\cmd;C:\ProgramData\chocolatey\bin;C:\Program Files\Java\jdk1.8.0_211\bin;C:\Users\Pichau\AppData\Local\Android\Sdk\platform-tools;C:\Program Files\nodejs\;C:\Program Files (x86)\Yarn\bin\;H:\Putty\;C:\Program Files\Java\jre1.8.0_271\bin;C:\Program Files (x86)\Microsoft SQL Server\140\Tools\Binn\;C:\Program Files\Microsoft SQL Server\140\Tools\Binn\;C:\Program Files (x86)\Microsoft SQL Server\140\DTS\Binn\;C:\Program Files\Microsoft SQL Server\140\DTS\Binn\;C:\Program Files\Microsoft SQL Server\Client SDK\ODBC\130\Tools\Binn\;C:\Program Files (x86)\Microsoft SQL Server\150\DTS\Binn\;C:\Program Files\Azure Data Studio\bin;C:\Program Files\MySQL\MySQL Shell 8.0\bin\;C:\Users\Pichau\AppData\Local\Microsoft\WindowsApps;H:\VSCode\Microsoft VS Code\bin;H:\Intellij\IntelliJ IDEA Community Edition 2020.1.2\bin;;H:\Apache Maven\apache-maven-3.6.3\bin;C:\Users\Pichau\AppData\Local\Android\Sdk\platform-tools;C:\Users\Pichau\AppData\Roaming\npm;C:\Users\Pichau\AppData\Local\Yarn\bin;C:\Program Files\MySQL\MySQL Server 8.0\bin;H:\Heroku\bin;C:\Program Files\Java\jre1.8.0_271\bin;C:\Program Files\Azure Data Studio\bin

Yarn version: 
  1.22.5

Node version: 
  12.18.3

Platform: 
  win32 x64

Trace: 
  Error: canceled
      at Interface.<anonymous> (C:\Program Files (x86)\Yarn\lib\cli.js:137009:13)
      at Interface.emit (events.js:315:20)
      at Interface._ttyWrite (readline.js:868:16)
      at ReadStream.onkeypress (readline.js:205:10)
      at ReadStream.emit (events.js:315:20)
      at emitKeys (internal/readline/utils.js:335:14)
      at emitKeys.next (<anonymous>)
      at ReadStream.onData (readline.js:1137:36)
      at ReadStream.emit (events.js:315:20)
      at addChunk (_stream_readable.js:295:12)

npm manifest: 
  No manifest

yarn manifest: 
  No manifest

Lockfile: 
  No lockfile
